<?xml version="1.0" encoding="UTF-8"?>
<!-- Generated by org.testng.reporters.JUnitReportReporter -->
<testsuite hostname="DESKTOP-JS9M19L" failures="0" tests="1" name="TestCasees.VerifySignup" time="175.476" errors="0" timestamp="2022-07-15T07:45:33 IST" skipped="0">
  <testcase classname="TestCasees.VerifySignup" name="SignupVerification" time="175.476"/>
  <system-out/>
</testsuite> <!-- TestCasees.VerifySignup -->
