<?xml version="1.0" encoding="UTF-8"?>
<!-- Generated by org.testng.reporters.JUnitReportReporter -->
<testsuite hostname="DESKTOP-JS9M19L" failures="0" tests="3" name="TestCasees.VerifyLogInPage" time="34.306" errors="0" timestamp="2022-07-15T07:45:33 IST" skipped="0">
  <testcase classname="TestCasees.VerifyLogInPage" name="logInVerifiction" time="16.523"/>
  <system-out/>
  <testcase classname="TestCasees.VerifyLogInPage" name="logInVerifiction" time="7.824"/>
  <system-out/>
  <testcase classname="TestCasees.VerifyLogInPage" name="logInVerifiction" time="9.959"/>
  <system-out/>
</testsuite> <!-- TestCasees.VerifyLogInPage -->
